<?xml version="1.0" encoding="UTF-8"?>
<testsuite xmlns:xsi="http://www.w3.org/2001/XMLSchema-instance" xsi:noNamespaceSchemaLocation="https://maven.apache.org/surefire/maven-surefire-plugin/xsd/surefire-test-report-3.0.xsd" version="3.0" name="com.jaikar.StartApplicationTests" time="5.562" tests="1" errors="0" skipped="0" failures="0">
  <properties>
[...]
</properties>
  <testcase name="contextLoads" classname="com.jaikar.StartApplicationTests" time="1.475">
    <system-out><![CDATA[19:32:51.472 [main] INFO org.springframework.test.context.support.AnnotationConfigContextLoaderUtils -- Could not detect default configuration classes for test class [com.jaikar.StartApplicationTests]: StartApplicationTests does not declare any static, non-private, non-final, nested classes annotated with @Configuration.
19:32:51.713 [main] INFO org.springframework.boot.test.context.SpringBootTestContextBootstrapper -- Found @SpringBootConfiguration com.jaikar.StartApplication for test class com.jaikar.StartApplicationTests

  .   ____          _            __ _ _
 /\\ / ___'_ __ _ _(_)_ __  __ _ \ \ \ \
( ( )\___ | '_ | '_| | '_ \/ _` | \ \ \ \
 \\/  ___)| |_)| | | | | || (_| |  ) ) ) )
  '  |____| .__|_| |_|_| |_\__, | / / / /
 =========|_|==============|___/=/_/_/_/
 :: Spring Boot ::                (v3.2.5)

2025-05-13T19:32:52.427Z  INFO 2630 --- [           main] com.jaikar.StartApplicationTests         : Starting StartApplicationTests using Java 17.0.15 with PID 2630 (started by ubuntu in /home/ubuntu/AWS-CICD/java-web-app)
2025-05-13T19:32:52.429Z  INFO 2630 --- [           main] com.jaikar.StartApplicationTests         : No active profile set, falling back to 1 default profile: "default"
2025-05-13T19:32:54.292Z  INFO 2630 --- [           main] o.s.b.a.w.s.WelcomePageHandlerMapping    : Adding welcome page template: index
2025-05-13T19:32:55.238Z  INFO 2630 --- [           main] com.jaikar.StartApplicationTests         : Started StartApplicationTests in 3.27 seconds (process running for 5.124)
]]></system-out>
  </testcase>
</testsuite>